Unity Editor version:    2021.3.20f1 (577897200b8b)
Branch:                  2021.3/staging
Build type:              Release
Batch mode:              YES
macOS version:           Version 13.2.1 (Build 22D68)
Darwin version:          22.3.0
Architecture:            arm64
Running under Rosetta:   NO
Available memory:        65536 MB
Using pre-set license
Pro License: YES

COMMAND LINE ARGUMENTS:
/Applications/Unity/Hub/Editor/2021.3.20f1/Unity.app/Contents/MacOS/Unity
-adb2
-batchMode
-noUpm
-name
AssetImportWorker129
-projectPath
/Users/sooin/Documents/GitHub/Dew-Dream/Dew Dream
-logFile
Logs/AssetImportWorker129.log
-srvPort
50460
Successfully changed project path to: /Users/sooin/Documents/GitHub/Dew-Dream/Dew Dream
/Users/sooin/Documents/GitHub/Dew-Dream/Dew Dream
[UnityMemory] Configuration Parameters - Can be set up in boot.config
    "memorysetup-bucket-allocator-granularity=16"
    "memorysetup-bucket-allocator-bucket-count=8"
    "memorysetup-bucket-allocator-block-size=33554432"
    "memorysetup-bucket-allocator-block-count=8"
    "memorysetup-main-allocator-block-size=16777216"
    "memorysetup-thread-allocator-block-size=16777216"
    "memorysetup-gfx-main-allocator-block-size=16777216"
    "memorysetup-gfx-thread-allocator-block-size=16777216"
    "memorysetup-cache-allocator-block-size=4194304"
    "memorysetup-typetree-allocator-block-size=2097152"
    "memorysetup-profiler-bucket-allocator-granularity=16"
    "memorysetup-profiler-bucket-allocator-bucket-count=8"
    "memorysetup-profiler-bucket-allocator-block-size=33554432"
    "memorysetup-profiler-bucket-allocator-block-count=8"
    "memorysetup-profiler-allocator-block-size=16777216"
    "memorysetup-profiler-editor-allocator-block-size=1048576"
    "memorysetup-temp-allocator-size-main=16777216"
    "memorysetup-job-temp-allocator-block-size=2097152"
    "memorysetup-job-temp-allocator-block-size-background=1048576"
    "memorysetup-job-temp-allocator-reduction-small-platforms=262144"
    "memorysetup-temp-allocator-size-background-worker=32768"
    "memorysetup-temp-allocator-size-job-worker=262144"
    "memorysetup-temp-allocator-size-preload-manager=33554432"
    "memorysetup-temp-allocator-size-nav-mesh-worker=65536"
    "memorysetup-temp-allocator-size-audio-worker=65536"
    "memorysetup-temp-allocator-size-cloud-worker=32768"
    "memorysetup-temp-allocator-size-gi-baking-worker=262144"
    "memorysetup-temp-allocator-size-gfx=262144"
Player connection [8384266560] Host "[IP] 172.24.101.38 [Port] 0 [Flags] 2 [Guid] 3371794199 [EditorId] 3371794199 [Version] 1048832 [Id] OSXEditor(0,bagsu-in-ui-MacBookPro.local) [Debug] 1 [PackageName] OSXEditor [ProjectName] Editor" joined multi-casting on [225.0.0.222:54997]...

Player connection [8384266560] Host "[IP] 172.24.101.38 [Port] 0 [Flags] 2 [Guid] 3371794199 [EditorId] 3371794199 [Version] 1048832 [Id] OSXEditor(0,bagsu-in-ui-MacBookPro.local) [Debug] 1 [PackageName] OSXEditor [ProjectName] Editor" joined alternative multi-casting on [225.0.0.222:34997]...

Refreshing native plugins compatible for Editor in 75.76 ms, found 2 plugins.
Preloading 0 native plugins for Editor in 0.00 ms.
Initialize engine version: 2021.3.20f1 (577897200b8b)
[Subsystems] Discovering subsystems at path /Applications/Unity/Hub/Editor/2021.3.20f1/Unity.app/Contents/Resources/UnitySubsystems
[Subsystems] Discovering subsystems at path /Users/sooin/Documents/GitHub/Dew-Dream/Dew Dream/Assets
GfxDevice: creating device client; threaded=0; jobified=0
 preferred device: Apple M1 Max (high power)
Metal devices available: 1
0: Apple M1 Max (high power)
Using device Apple M1 Max (high power)
Initializing Metal device caps: Apple M1 Max
Initialize mono
Mono path[0] = '/Applications/Unity/Hub/Editor/2021.3.20f1/Unity.app/Contents/Managed'
Mono path[1] = '/Applications/Unity/Hub/Editor/2021.3.20f1/Unity.app/Contents/MonoBleedingEdge/lib/mono/unityjit-macos'
Mono config path = '/Applications/Unity/Hub/Editor/2021.3.20f1/Unity.app/Contents/MonoBleedingEdge/etc'
Using monoOptions --debugger-agent=transport=dt_socket,embedding=1,server=y,suspend=n,address=127.0.0.1:56034
Begin MonoManager ReloadAssembly
Registering precompiled unity dll's ...
Register platform support module: /Applications/Unity/Hub/Editor/2021.3.20f1/Unity.app/Contents/PlaybackEngines/MacStandaloneSupport/UnityEditor.OSXStandalone.Extensions.dll
Registered in 0.000561 seconds.
Native extension for OSXStandalone target not found
Refreshing native plugins compatible for Editor in 78.75 ms, found 2 plugins.
Preloading 0 native plugins for Editor in 0.00 ms.
Mono: successfully reloaded assembly
- Completed reload, in  0.436 seconds
Domain Reload Profiling:
	ReloadAssembly (436ms)
		BeginReloadAssembly (52ms)
			ExecutionOrderSort (0ms)
			DisableScriptedObjects (0ms)
			BackupInstance (0ms)
			ReleaseScriptingObjects (0ms)
			CreateAndSetChildDomain (0ms)
		EndReloadAssembly (322ms)
			LoadAssemblies (52ms)
			RebuildTransferFunctionScriptingTraits (0ms)
			SetupTypeCache (74ms)
			ReleaseScriptCaches (0ms)
			RebuildScriptCaches (22ms)
			SetupLoadedEditorAssemblies (197ms)
				LogAssemblyErrors (0ms)
				InitializePlatformSupportModulesInManaged (4ms)
				SetLoadedEditorAssemblies (0ms)
				RefreshPlugins (79ms)
				BeforeProcessingInitializeOnLoad (1ms)
				ProcessInitializeOnLoadAttributes (85ms)
				ProcessInitializeOnLoadMethodAttributes (28ms)
				AfterProcessingInitializeOnLoad (0ms)
				EditorAssembliesLoaded (0ms)
			ExecutionOrderSort2 (0ms)
			AwakeInstancesAfterBackupRestoration (0ms)
Platform modules already initialized, skipping
Registering precompiled user dll's ...
Registered in 0.001549 seconds.
Begin MonoManager ReloadAssembly
Symbol file LoadedFromMemory doesn't match image /Users/sooin/Documents/GitHub/Dew-Dream/Dew Dream/Library/PackageCache/com.unity.visualscripting@1.8.0/Editor/VisualScripting.Core/Dependencies/YamlDotNet/Unity.VisualScripting.YamlDotNet.dll
Symbol file LoadedFromMemory doesn't match image /Users/sooin/Documents/GitHub/Dew-Dream/Dew Dream/Library/PackageCache/com.unity.visualscripting@1.8.0/Editor/VisualScripting.Core/Dependencies/DotNetZip/Unity.VisualScripting.IonicZip.dll
Native extension for OSXStandalone target not found
Refreshing native plugins compatible for Editor in 0.44 ms, found 2 plugins.
Preloading 0 native plugins for Editor in 0.00 ms.
Mono: successfully reloaded assembly
- Completed reload, in  0.669 seconds
Domain Reload Profiling:
	ReloadAssembly (669ms)
		BeginReloadAssembly (69ms)
			ExecutionOrderSort (0ms)
			DisableScriptedObjects (3ms)
			BackupInstance (0ms)
			ReleaseScriptingObjects (0ms)
			CreateAndSetChildDomain (17ms)
		EndReloadAssembly (538ms)
			LoadAssemblies (51ms)
			RebuildTransferFunctionScriptingTraits (0ms)
			SetupTypeCache (188ms)
			ReleaseScriptCaches (0ms)
			RebuildScriptCaches (37ms)
			SetupLoadedEditorAssemblies (238ms)
				LogAssemblyErrors (0ms)
				InitializePlatformSupportModulesInManaged (2ms)
				SetLoadedEditorAssemblies (0ms)
				RefreshPlugins (0ms)
				BeforeProcessingInitializeOnLoad (61ms)
				ProcessInitializeOnLoadAttributes (161ms)
				ProcessInitializeOnLoadMethodAttributes (12ms)
				AfterProcessingInitializeOnLoad (1ms)
				EditorAssembliesLoaded (0ms)
			ExecutionOrderSort2 (0ms)
			AwakeInstancesAfterBackupRestoration (2ms)
Platform modules already initialized, skipping
========================================================================
Worker process is ready to serve import requests
Launching external process: /Applications/Unity/Hub/Editor/2021.3.20f1/Unity.app/Contents/Tools/UnityShaderCompiler
Launched and connected shader compiler UnityShaderCompiler after 0.06 seconds
Refreshing native plugins compatible for Editor in 0.47 ms, found 2 plugins.
Preloading 0 native plugins for Editor in 0.00 ms.
Unloading 3073 Unused Serialized files (Serialized files now loaded: 0)
Unloading 24 unused Assets / (87.8 KB). Loaded Objects now: 3564.
Memory consumption went from 200.4 MB to 200.4 MB.
Total: 2.285292 ms (FindLiveObjects: 0.115542 ms CreateObjectMapping: 0.041125 ms MarkObjects: 2.042667 ms  DeleteObjects: 0.085083 ms)

AssetImportParameters requested are different than current active one (requested -> active):
  custom:video-decoder-ogg-theora: a1e56fd34408186e4bbccfd4996cb3dc -> 
  custom:container-muxer-webm: aa71ff27fc2769a1b78a27578f13a17b -> 
  custom:container-demuxer-webm: 4f35f7cbe854078d1ac9338744f61a02 -> 
  custom:video-encoder-webm-vp8: eb34c28f22e8b96e1ab97ce403110664 -> 
  custom:framework-osx-AVFoundation: e770b220cccbd017edd2c1fefb359320 -> 
  custom:audio-encoder-webm-vorbis: bf7c407c2cedff20999df2af8eb42d56 -> 
  custom:container-demuxer-ogg: 62fdf1f143b41e24485cea50d1cbac27 -> 
  custom:video-decoder-webm-vp8: 9c59270c3fd7afecdb556c50c9e8de78 -> 
  custom:audio-decoder-ogg-vorbis: bf7c407c2cedff20999df2af8eb42d56 -> 
========================================================================
Received Import Request.
  Time since last request: 14432.334390 seconds.
  path: Assets/UI/물방울의꿈_UI-01.png
  artifactKey: Guid(677d37e4033e94aa998ce326de9d9fce) Importer(815301076,1909f56bfc062723c751e8b465ee728b)
Start importing Assets/UI/물방울의꿈_UI-01.png using Guid(677d37e4033e94aa998ce326de9d9fce) Importer(815301076,1909f56bfc062723c751e8b465ee728b)  -> (artifact id: 'a1feadc17cc6ef5a4983f9c7c2587d01') in 0.520464 seconds 
========================================================================
Received Import Request.
  Time since last request: 0.000181 seconds.
  path: Assets/UI/U_DoubleJump.png
  artifactKey: Guid(c0197d0bfbd764a0f8799412c8f22aca) Importer(815301076,1909f56bfc062723c751e8b465ee728b)
Start importing Assets/UI/U_DoubleJump.png using Guid(c0197d0bfbd764a0f8799412c8f22aca) Importer(815301076,1909f56bfc062723c751e8b465ee728b)  -> (artifact id: 'f558712e1b6929de274a61f3713f2b15') in 0.034509 seconds 
========================================================================
Received Import Request.
  Time since last request: 0.000065 seconds.
  path: Assets/UI/물방울의꿈_UI-05.png
  artifactKey: Guid(482e4c92e56254d719c2a3f419be39df) Importer(815301076,1909f56bfc062723c751e8b465ee728b)
Start importing Assets/UI/물방울의꿈_UI-05.png using Guid(482e4c92e56254d719c2a3f419be39df) Importer(815301076,1909f56bfc062723c751e8b465ee728b)  -> (artifact id: '6413c13d701a02bb8d570a49ed20572d') in 0.000746 seconds 
========================================================================
Received Import Request.
  Time since last request: 0.000060 seconds.
  path: Assets/UI/tutorial_ui 수정.png
  artifactKey: Guid(ea09f671d77f843ec98b47ef8ca5f8dd) Importer(815301076,1909f56bfc062723c751e8b465ee728b)
Start importing Assets/UI/tutorial_ui 수정.png using Guid(ea09f671d77f843ec98b47ef8ca5f8dd) Importer(815301076,1909f56bfc062723c751e8b465ee728b)  -> (artifact id: '00c27f5d78799118d03b526180ffbe38') in 0.001574 seconds 
========================================================================
Received Import Request.
  Time since last request: 0.000040 seconds.
  path: Assets/UI/U_Story.png
  artifactKey: Guid(1a0ff04e3a76040408725af9b813a9ad) Importer(815301076,1909f56bfc062723c751e8b465ee728b)
Start importing Assets/UI/U_Story.png using Guid(1a0ff04e3a76040408725af9b813a9ad) Importer(815301076,1909f56bfc062723c751e8b465ee728b)  -> (artifact id: 'c0cb61f32e5929332d8982ba37532009') in 0.005728 seconds 
========================================================================
Received Import Request.
  Time since last request: 0.000069 seconds.
  path: Assets/UI/물방울의꿈_UI-03.png
  artifactKey: Guid(ea2617d95ae9743e5b8db5d0fe979c80) Importer(815301076,1909f56bfc062723c751e8b465ee728b)
Start importing Assets/UI/물방울의꿈_UI-03.png using Guid(ea2617d95ae9743e5b8db5d0fe979c80) Importer(815301076,1909f56bfc062723c751e8b465ee728b)  -> (artifact id: 'b017c14faabec43f47604fdbf5d96d61') in 0.000630 seconds 
========================================================================
Received Import Request.
  Time since last request: 0.000065 seconds.
  path: Assets/UI/물방울의꿈_UI-07.png
  artifactKey: Guid(9a5442ec2ab984cf4ad9196df80c05fd) Importer(815301076,1909f56bfc062723c751e8b465ee728b)
Start importing Assets/UI/물방울의꿈_UI-07.png using Guid(9a5442ec2ab984cf4ad9196df80c05fd) Importer(815301076,1909f56bfc062723c751e8b465ee728b)  -> (artifact id: '828f59ebe86dffb033342fecc6c94abc') in 0.000693 seconds 
========================================================================
Received Import Request.
  Time since last request: 0.000050 seconds.
  path: Assets/UI/U_Tutorial.png
  artifactKey: Guid(c151709192cf1405d9042cb70b7bbdeb) Importer(815301076,1909f56bfc062723c751e8b465ee728b)
Start importing Assets/UI/U_Tutorial.png using Guid(c151709192cf1405d9042cb70b7bbdeb) Importer(815301076,1909f56bfc062723c751e8b465ee728b)  -> (artifact id: 'ac6d696aafe093bc2a9b80f4fdc6ec08') in 0.005312 seconds 
========================================================================
Received Import Request.
  Time since last request: 0.000074 seconds.
  path: Assets/UI/물방울의꿈_UI-02.png
  artifactKey: Guid(855974a4bf34d4e2f985f957beb49743) Importer(815301076,1909f56bfc062723c751e8b465ee728b)
Start importing Assets/UI/물방울의꿈_UI-02.png using Guid(855974a4bf34d4e2f985f957beb49743) Importer(815301076,1909f56bfc062723c751e8b465ee728b)  -> (artifact id: '43cc179c7cf2fd405e8fcf6a384d9edd') in 0.000735 seconds 
========================================================================
Received Import Request.
  Time since last request: 0.000064 seconds.
  path: Assets/UI/물방울의꿈_UI-08.png
  artifactKey: Guid(faaf24a8361294fe0bb82ebba7aead82) Importer(815301076,1909f56bfc062723c751e8b465ee728b)
Start importing Assets/UI/물방울의꿈_UI-08.png using Guid(faaf24a8361294fe0bb82ebba7aead82) Importer(815301076,1909f56bfc062723c751e8b465ee728b)  -> (artifact id: '871a9cb538eaaf99062ced2c5b9830a8') in 0.000599 seconds 
========================================================================
Received Import Request.
  Time since last request: 0.000046 seconds.
  path: Assets/UI/U_Life.png
  artifactKey: Guid(b93b4e8bde3e14888a99a0b4fd14a57b) Importer(815301076,1909f56bfc062723c751e8b465ee728b)
Start importing Assets/UI/U_Life.png using Guid(b93b4e8bde3e14888a99a0b4fd14a57b) Importer(815301076,1909f56bfc062723c751e8b465ee728b)  -> (artifact id: '356f044492ffaae6921fda2deada5be7') in 0.008453 seconds 
========================================================================
Received Import Request.
  Time since last request: 0.000051 seconds.
  path: Assets/UI/물방울의꿈_UI-06.png
  artifactKey: Guid(ed07f0f101732475dbf984a2badc4038) Importer(815301076,1909f56bfc062723c751e8b465ee728b)
Start importing Assets/UI/물방울의꿈_UI-06.png using Guid(ed07f0f101732475dbf984a2badc4038) Importer(815301076,1909f56bfc062723c751e8b465ee728b)  -> (artifact id: '395ef9e47e56cef6ba0ba97d178f693c') in 0.000660 seconds 
========================================================================
Received Import Request.
  Time since last request: 0.000031 seconds.
  path: Assets/UI/물방울의꿈_UI-04.png
  artifactKey: Guid(4ab20e503ed7445d9a3400e8a93c8032) Importer(815301076,1909f56bfc062723c751e8b465ee728b)
Start importing Assets/UI/물방울의꿈_UI-04.png using Guid(4ab20e503ed7445d9a3400e8a93c8032) Importer(815301076,1909f56bfc062723c751e8b465ee728b)  -> (artifact id: 'a3e738433cf6b85a853f4c92c51aa774') in 0.000542 seconds 
========================================================================
Received Import Request.
  Time since last request: 0.000042 seconds.
  path: Assets/UI/U_SavePoint.png
  artifactKey: Guid(2e3951c45ea0444d296fe658034e535c) Importer(815301076,1909f56bfc062723c751e8b465ee728b)
Start importing Assets/UI/U_SavePoint.png using Guid(2e3951c45ea0444d296fe658034e535c) Importer(815301076,1909f56bfc062723c751e8b465ee728b)  -> (artifact id: '127cb9a4f3697f9356a1b0d480011079') in 0.005124 seconds 
========================================================================
Received Prepare
Registering precompiled user dll's ...
Registered in 0.001505 seconds.
Begin MonoManager ReloadAssembly
Thread 0x2b27db000 may have been prematurely finalized
Symbol file LoadedFromMemory doesn't match image /Users/sooin/Documents/GitHub/Dew-Dream/Dew Dream/Library/PackageCache/com.unity.visualscripting@1.8.0/Editor/VisualScripting.Core/Dependencies/YamlDotNet/Unity.VisualScripting.YamlDotNet.dll
Symbol file LoadedFromMemory doesn't match image /Users/sooin/Documents/GitHub/Dew-Dream/Dew Dream/Library/PackageCache/com.unity.visualscripting@1.8.0/Editor/VisualScripting.Core/Dependencies/DotNetZip/Unity.VisualScripting.IonicZip.dll
Native extension for OSXStandalone target not found
Refreshing native plugins compatible for Editor in 0.43 ms, found 2 plugins.
Preloading 0 native plugins for Editor in 0.00 ms.
Mono: successfully reloaded assembly
- Completed reload, in  0.602 seconds
Domain Reload Profiling:
	ReloadAssembly (602ms)
		BeginReloadAssembly (90ms)
			ExecutionOrderSort (0ms)
			DisableScriptedObjects (3ms)
			BackupInstance (0ms)
			ReleaseScriptingObjects (0ms)
			CreateAndSetChildDomain (31ms)
		EndReloadAssembly (454ms)
			LoadAssemblies (39ms)
			RebuildTransferFunctionScriptingTraits (0ms)
			SetupTypeCache (180ms)
			ReleaseScriptCaches (1ms)
			RebuildScriptCaches (29ms)
			SetupLoadedEditorAssemblies (183ms)
				LogAssemblyErrors (0ms)
				InitializePlatformSupportModulesInManaged (2ms)
				SetLoadedEditorAssemblies (0ms)
				RefreshPlugins (0ms)
				BeforeProcessingInitializeOnLoad (39ms)
				ProcessInitializeOnLoadAttributes (129ms)
				ProcessInitializeOnLoadMethodAttributes (11ms)
				AfterProcessingInitializeOnLoad (1ms)
				EditorAssembliesLoaded (0ms)
			ExecutionOrderSort2 (0ms)
			AwakeInstancesAfterBackupRestoration (2ms)
Platform modules already initialized, skipping
Refreshing native plugins compatible for Editor in 0.78 ms, found 2 plugins.
Preloading 0 native plugins for Editor in 0.00 ms.
Unloading 3054 Unused Serialized files (Serialized files now loaded: 0)
Unloading 17 unused Assets / (67.7 KB). Loaded Objects now: 3570.
Memory consumption went from 203.1 MB to 203.0 MB.
Total: 2.321625 ms (FindLiveObjects: 0.104125 ms CreateObjectMapping: 0.040042 ms MarkObjects: 2.097916 ms  DeleteObjects: 0.079084 ms)

AssetImportParameters requested are different than current active one (requested -> active):
  custom:video-decoder-ogg-theora: a1e56fd34408186e4bbccfd4996cb3dc -> 
  custom:container-muxer-webm: aa71ff27fc2769a1b78a27578f13a17b -> 
  custom:container-demuxer-webm: 4f35f7cbe854078d1ac9338744f61a02 -> 
  custom:video-encoder-webm-vp8: eb34c28f22e8b96e1ab97ce403110664 -> 
  custom:framework-osx-AVFoundation: e770b220cccbd017edd2c1fefb359320 -> 
  custom:audio-encoder-webm-vorbis: bf7c407c2cedff20999df2af8eb42d56 -> 
  custom:container-demuxer-ogg: 62fdf1f143b41e24485cea50d1cbac27 -> 
  custom:video-decoder-webm-vp8: 9c59270c3fd7afecdb556c50c9e8de78 -> 
  custom:audio-decoder-ogg-vorbis: bf7c407c2cedff20999df2af8eb42d56 -> 
========================================================================
Received Import Request.
  Time since last request: 82.975626 seconds.
  path: Assets/UI/물방울의꿈_UI-01.png
  artifactKey: Guid(677d37e4033e94aa998ce326de9d9fce) Importer(815301076,1909f56bfc062723c751e8b465ee728b)
Start importing Assets/UI/물방울의꿈_UI-01.png using Guid(677d37e4033e94aa998ce326de9d9fce) Importer(815301076,1909f56bfc062723c751e8b465ee728b)  -> (artifact id: '12af0040ed727132faf6424965725312') in 0.025698 seconds 
========================================================================
Received Import Request.
  Time since last request: 0.000039 seconds.
  path: Assets/UI/U_DoubleJump.png
  artifactKey: Guid(c0197d0bfbd764a0f8799412c8f22aca) Importer(815301076,1909f56bfc062723c751e8b465ee728b)
Start importing Assets/UI/U_DoubleJump.png using Guid(c0197d0bfbd764a0f8799412c8f22aca) Importer(815301076,1909f56bfc062723c751e8b465ee728b)  -> (artifact id: 'f558712e1b6929de274a61f3713f2b15') in 0.007164 seconds 
========================================================================
Received Import Request.
  Time since last request: 0.000041 seconds.
  path: Assets/UI/물방울의꿈_UI-05.png
  artifactKey: Guid(482e4c92e56254d719c2a3f419be39df) Importer(815301076,1909f56bfc062723c751e8b465ee728b)
Start importing Assets/UI/물방울의꿈_UI-05.png using Guid(482e4c92e56254d719c2a3f419be39df) Importer(815301076,1909f56bfc062723c751e8b465ee728b)  -> (artifact id: '5ad8a1f7df08ab0e92847dcb8f83a345') in 0.004272 seconds 
========================================================================
Received Import Request.
  Time since last request: 0.000049 seconds.
  path: Assets/UI/tutorial_ui 수정.png
  artifactKey: Guid(ea09f671d77f843ec98b47ef8ca5f8dd) Importer(815301076,1909f56bfc062723c751e8b465ee728b)
Start importing Assets/UI/tutorial_ui 수정.png using Guid(ea09f671d77f843ec98b47ef8ca5f8dd) Importer(815301076,1909f56bfc062723c751e8b465ee728b)  -> (artifact id: '2a1cde32110e221ff7f3d4886c30f0d2') in 0.003858 seconds 
========================================================================
Received Import Request.
  Time since last request: 0.000040 seconds.
  path: Assets/UI/U_Story.png
  artifactKey: Guid(1a0ff04e3a76040408725af9b813a9ad) Importer(815301076,1909f56bfc062723c751e8b465ee728b)
Start importing Assets/UI/U_Story.png using Guid(1a0ff04e3a76040408725af9b813a9ad) Importer(815301076,1909f56bfc062723c751e8b465ee728b)  -> (artifact id: 'c0cb61f32e5929332d8982ba37532009') in 0.004167 seconds 
========================================================================
Received Import Request.
  Time since last request: 0.000051 seconds.
  path: Assets/UI/물방울의꿈_UI-03.png
  artifactKey: Guid(ea2617d95ae9743e5b8db5d0fe979c80) Importer(815301076,1909f56bfc062723c751e8b465ee728b)
Start importing Assets/UI/물방울의꿈_UI-03.png using Guid(ea2617d95ae9743e5b8db5d0fe979c80) Importer(815301076,1909f56bfc062723c751e8b465ee728b)  -> (artifact id: 'a01507dd3df5df16dc02a4dc7ebe4bba') in 0.004180 seconds 
========================================================================
Received Import Request.
  Time since last request: 0.000054 seconds.
  path: Assets/UI/물방울의꿈_UI-07.png
  artifactKey: Guid(9a5442ec2ab984cf4ad9196df80c05fd) Importer(815301076,1909f56bfc062723c751e8b465ee728b)
Start importing Assets/UI/물방울의꿈_UI-07.png using Guid(9a5442ec2ab984cf4ad9196df80c05fd) Importer(815301076,1909f56bfc062723c751e8b465ee728b)  -> (artifact id: 'c37eae27bd7fc61c52d6a208b9ea9cca') in 0.003488 seconds 
========================================================================
Received Import Request.
  Time since last request: 0.000032 seconds.
  path: Assets/UI/U_Tutorial.png
  artifactKey: Guid(c151709192cf1405d9042cb70b7bbdeb) Importer(815301076,1909f56bfc062723c751e8b465ee728b)
Start importing Assets/UI/U_Tutorial.png using Guid(c151709192cf1405d9042cb70b7bbdeb) Importer(815301076,1909f56bfc062723c751e8b465ee728b)  -> (artifact id: 'ac6d696aafe093bc2a9b80f4fdc6ec08') in 0.003951 seconds 
========================================================================
Received Import Request.
  Time since last request: 0.000050 seconds.
  path: Assets/UI/물방울의꿈_UI-02.png
  artifactKey: Guid(855974a4bf34d4e2f985f957beb49743) Importer(815301076,1909f56bfc062723c751e8b465ee728b)
Start importing Assets/UI/물방울의꿈_UI-02.png using Guid(855974a4bf34d4e2f985f957beb49743) Importer(815301076,1909f56bfc062723c751e8b465ee728b)  -> (artifact id: 'c225ce4febaded87af9576b655e71251') in 0.004045 seconds 
========================================================================
Received Import Request.
  Time since last request: 0.000035 seconds.
  path: Assets/UI/물방울의꿈_UI-08.png
  artifactKey: Guid(faaf24a8361294fe0bb82ebba7aead82) Importer(815301076,1909f56bfc062723c751e8b465ee728b)
Start importing Assets/UI/물방울의꿈_UI-08.png using Guid(faaf24a8361294fe0bb82ebba7aead82) Importer(815301076,1909f56bfc062723c751e8b465ee728b)  -> (artifact id: '6056ac69a51dcd8b2599d2c7a41497af') in 0.003375 seconds 
========================================================================
Received Import Request.
  Time since last request: 0.000041 seconds.
  path: Assets/UI/U_Life.png
  artifactKey: Guid(b93b4e8bde3e14888a99a0b4fd14a57b) Importer(815301076,1909f56bfc062723c751e8b465ee728b)
Start importing Assets/UI/U_Life.png using Guid(b93b4e8bde3e14888a99a0b4fd14a57b) Importer(815301076,1909f56bfc062723c751e8b465ee728b)  -> (artifact id: '356f044492ffaae6921fda2deada5be7') in 0.003823 seconds 
========================================================================
Received Import Request.
  Time since last request: 0.000040 seconds.
  path: Assets/UI/물방울의꿈_UI-06.png
  artifactKey: Guid(ed07f0f101732475dbf984a2badc4038) Importer(815301076,1909f56bfc062723c751e8b465ee728b)
Start importing Assets/UI/물방울의꿈_UI-06.png using Guid(ed07f0f101732475dbf984a2badc4038) Importer(815301076,1909f56bfc062723c751e8b465ee728b)  -> (artifact id: 'ea111461b9d5c7b350f9a8ad649565f2') in 0.004322 seconds 
========================================================================
Received Import Request.
  Time since last request: 0.000045 seconds.
  path: Assets/UI/U_SavePoint.png
  artifactKey: Guid(2e3951c45ea0444d296fe658034e535c) Importer(815301076,1909f56bfc062723c751e8b465ee728b)
Start importing Assets/UI/U_SavePoint.png using Guid(2e3951c45ea0444d296fe658034e535c) Importer(815301076,1909f56bfc062723c751e8b465ee728b)  -> (artifact id: '127cb9a4f3697f9356a1b0d480011079') in 0.004055 seconds 
